Running: /opt/Xilinx/14.7/ISE_DS/ISE/bin/lin64/unwrapped/fuse -intstyle ise -incremental -lib secureip -o /home/san/ESCOM/ComputerArchitecture/sum_res/TB_SUM_RES_isim_beh.exe -prj /home/san/ESCOM/ComputerArchitecture/sum_res/TB_SUM_RES_beh.prj work.TB_SUM_RES 
ISim P.20131013 (signature 0xfbc00daa)
Number of CPUs detected in this system: 4
Turning on mult-threading, number of parallel sub-compilation jobs: 8 
Determining compilation order of HDL files
Parsing VHDL file "/home/san/ESCOM/ComputerArchitecture/sum_res/sum_res.vhd" into library work
Parsing VHDL file "/home/san/ESCOM/ComputerArchitecture/sum_res/TB_SUM_RES.vhd" into library work
Starting static elaboration
Completed static elaboration
Fuse Memory Usage: 83040 KB
Fuse CPU Usage: 1660 ms
Compiling package standard
Compiling package std_logic_1164
Compiling architecture programa of entity sum_res [sum_res_default]
Compiling architecture behavior of entity tb_sum_res
Time Resolution for simulation is 1ps.
Compiled 5 VHDL Units
Built simulation executable /home/san/ESCOM/ComputerArchitecture/sum_res/TB_SUM_RES_isim_beh.exe
Fuse Memory Usage: 648788 KB
Fuse CPU Usage: 1700 ms
GCC CPU Usage: 930 ms
