Release 14.7 - xst P.20131013 (nt)
Copyright (c) 1995-2013 Xilinx, Inc.  All rights reserved.
--> Parameter TMPDIR set to xst/projnav.tmp


Total REAL time to Xst completion: 0.00 secs
Total CPU time to Xst completion: 0.17 secs
 
--> Parameter xsthdpdir set to xst


Total REAL time to Xst completion: 0.00 secs
Total CPU time to Xst completion: 0.17 secs
 
--> Reading design: main.prj

TABLE OF CONTENTS
  1) Synthesis Options Summary
  2) HDL Parsing
  3) HDL Elaboration
  4) HDL Synthesis
       4.1) HDL Synthesis Report
  5) Advanced HDL Synthesis
       5.1) Advanced HDL Synthesis Report
  6) Low Level Synthesis
  7) Partition Report
  8) Design Summary
       8.1) Primitive and Black Box Usage
       8.2) Device utilization summary
       8.3) Partition Resource Summary
       8.4) Timing Report
            8.4.1) Clock Information
            8.4.2) Asynchronous Control Signals Information
            8.4.3) Timing Summary
            8.4.4) Timing Details
            8.4.5) Cross Clock Domains Report


=========================================================================
*                      Synthesis Options Summary                        *
=========================================================================
---- Source Parameters
Input File Name                    : "main.prj"
Ignore Synthesis Constraint File   : NO

---- Target Parameters
Output File Name                   : "main"
Output Format                      : NGC
Target Device                      : xc7a100t-2-csg324

---- Source Options
Top Module Name                    : main
Automatic FSM Extraction           : YES
FSM Encoding Algorithm             : Auto
Safe Implementation                : No
FSM Style                          : LUT
RAM Extraction                     : Yes
RAM Style                          : Auto
ROM Extraction                     : Yes
Shift Register Extraction          : YES
ROM Style                          : Auto
Resource Sharing                   : YES
Asynchronous To Synchronous        : NO
Shift Register Minimum Size        : 2
Use DSP Block                      : Auto
Automatic Register Balancing       : No

---- Target Options
LUT Combining                      : Auto
Reduce Control Sets                : Auto
Add IO Buffers                     : YES
Global Maximum Fanout              : 100000
Add Generic Clock Buffer(BUFG)     : 32
Register Duplication               : YES
Optimize Instantiated Primitives   : NO
Use Clock Enable                   : Auto
Use Synchronous Set                : Auto
Use Synchronous Reset              : Auto
Pack IO Registers into IOBs        : Auto
Equivalent register Removal        : YES

---- General Options
Optimization Goal                  : Speed
Optimization Effort                : 1
Power Reduction                    : NO
Keep Hierarchy                     : No
Netlist Hierarchy                  : As_Optimized
RTL Output                         : Yes
Global Optimization                : AllClockNets
Read Cores                         : YES
Write Timing Constraints           : NO
Cross Clock Analysis               : NO
Hierarchy Separator                : /
Bus Delimiter                      : <>
Case Specifier                     : Maintain
Slice Utilization Ratio            : 100
BRAM Utilization Ratio             : 100
DSP48 Utilization Ratio            : 100
Auto BRAM Packing                  : NO
Slice Utilization Ratio Delta      : 5

=========================================================================


=========================================================================
*                          HDL Parsing                                  *
=========================================================================
Parsing VHDL file "C:\Documents and Settings\Laboratorio\Escritorio\procesador\registro.vhd" into library work
Parsing entity <registro>.
Parsing architecture <Behavioral> of entity <registro>.
Parsing VHDL file "C:\Documents and Settings\Laboratorio\Escritorio\procesador\paquete_control.vhd" into library work
Parsing package <paquete_control>.
Parsing package body <paquete_control>.
Parsing VHDL file "C:\Documents and Settings\Laboratorio\Escritorio\procesador\nivel.vhd" into library work
Parsing entity <nivel>.
Parsing architecture <Behavioral> of entity <nivel>.
Parsing VHDL file "C:\Documents and Settings\Laboratorio\Escritorio\procesador\mem_operacion.vhd" into library work
Parsing entity <mem_operacion>.
Parsing architecture <Behavioral> of entity <mem_operacion>.
Parsing VHDL file "C:\Documents and Settings\Laboratorio\Escritorio\procesador\mem_funcion.vhd" into library work
Parsing entity <mem_funcion>.
Parsing architecture <Behavioral> of entity <mem_funcion>.
Parsing VHDL file "C:\Documents and Settings\Laboratorio\Escritorio\procesador\fsm.vhd" into library work
Parsing entity <fsm>.
Parsing architecture <Behavioral> of entity <fsm>.
Parsing VHDL file "C:\Documents and Settings\Laboratorio\Escritorio\procesador\deco.vhd" into library work
Parsing entity <deco>.
Parsing architecture <Behavioral> of entity <deco>.
Parsing VHDL file "C:\Documents and Settings\Laboratorio\Escritorio\procesador\condicion.vhd" into library work
Parsing entity <condicion>.
Parsing architecture <Behavioral> of entity <condicion>.
Parsing VHDL file "C:\Documents and Settings\Laboratorio\Escritorio\procesador\stack.vhd" into library work
Parsing entity <stack>.
Parsing architecture <Behavioral> of entity <stack>.
Parsing VHDL file "C:\Documents and Settings\Laboratorio\Escritorio\procesador\ROM.vhd" into library work
Parsing entity <ROM>.
Parsing architecture <FUNCIONAMIENTO> of entity <rom>.
Parsing VHDL file "C:\Documents and Settings\Laboratorio\Escritorio\procesador\registros.vhd" into library work
Parsing entity <registros>.
Parsing architecture <Behavioral> of entity <registros>.
Parsing VHDL file "C:\Documents and Settings\Laboratorio\Escritorio\procesador\RAMD.vhd" into library work
Parsing entity <RAM>.
Parsing architecture <Behave> of entity <ram>.
Parsing VHDL file "C:\Documents and Settings\Laboratorio\Escritorio\procesador\pack.vhd" into library work
Parsing package <pack>.
Parsing package body <pack>.
Parsing VHDL file "C:\Documents and Settings\Laboratorio\Escritorio\procesador\control.vhd" into library work
Parsing entity <control>.
Parsing architecture <Behavioral> of entity <control>.
Parsing VHDL file "C:\Documents and Settings\Laboratorio\Escritorio\procesador\alu.vhd" into library work
Parsing entity <alu>.
Parsing architecture <behave> of entity <alu>.
Parsing VHDL file "C:\Documents and Settings\Laboratorio\Escritorio\procesador\main.vhd" into library work
Parsing entity <main>.
Parsing architecture <Behavioral> of entity <main>.

=========================================================================
*                            HDL Elaboration                            *
=========================================================================

Elaborating entity <main> (architecture <Behavioral>) from library <work>.

Elaborating entity <control> (architecture <Behavioral>) from library <work>.

Elaborating entity <registro> (architecture <Behavioral>) from library <work>.

Elaborating entity <condicion> (architecture <Behavioral>) from library <work>.

Elaborating entity <nivel> (architecture <Behavioral>) from library <work>.

Elaborating entity <deco> (architecture <Behavioral>) from library <work>.

Elaborating entity <mem_funcion> (architecture <Behavioral>) from library <work>.

Elaborating entity <mem_operacion> (architecture <Behavioral>) from library <work>.

Elaborating entity <fsm> (architecture <Behavioral>) from library <work>.

Elaborating entity <registros> (architecture <Behavioral>) with generics from library <work>.

Elaborating entity <alu> (architecture <behave>) with generics from library <work>.
WARNING:HDLCompiler:746 - "C:\Documents and Settings\Laboratorio\Escritorio\procesador\alu.vhd" Line 58: Range is empty (null range)

Elaborating entity <ROM> (architecture <FUNCIONAMIENTO>) with generics from library <work>.

Elaborating entity <RAM> (architecture <Behave>) with generics from library <work>.

Elaborating entity <stack> (architecture <Behavioral>) from library <work>.

=========================================================================
*                           HDL Synthesis                               *
=========================================================================

Synthesizing Unit <main>.
    Related source file is "C:\Documents and Settings\Laboratorio\Escritorio\procesador\main.vhd".
    Found 5-bit register for signal <contador>.
    Found 5-bit adder for signal <contador[4]_GND_6_o_add_0_OUT> created at line 49.
    Summary:
	inferred   1 Adder/Subtractor(s).
	inferred   5 D-type flip-flop(s).
	inferred   8 Multiplexer(s).
Unit <main> synthesized.

Synthesizing Unit <control>.
    Related source file is "C:\Documents and Settings\Laboratorio\Escritorio\procesador\control.vhd".
    Summary:
	inferred   2 Multiplexer(s).
Unit <control> synthesized.

Synthesizing Unit <registro>.
    Related source file is "C:\Documents and Settings\Laboratorio\Escritorio\procesador\registro.vhd".
    Found 4-bit register for signal <QFLAGS>.
    Summary:
	inferred   4 D-type flip-flop(s).
Unit <registro> synthesized.

Synthesizing Unit <condicion>.
    Related source file is "C:\Documents and Settings\Laboratorio\Escritorio\procesador\condicion.vhd".
WARNING:Xst:647 - Input <FLAGS<0:0>> is never used. This port will be preserved and left unconnected if it belongs to a top-level block or it belongs to a sub-block and the hierarchy of this sub-block is preserved.
    Summary:
Unit <condicion> synthesized.

Synthesizing Unit <nivel>.
    Related source file is "C:\Documents and Settings\Laboratorio\Escritorio\procesador\nivel.vhd".
    Found 1-bit register for signal <Q2>.
    Found 1-bit register for signal <Q1>.
    Summary:
	inferred   2 D-type flip-flop(s).
Unit <nivel> synthesized.

Synthesizing Unit <deco>.
    Related source file is "C:\Documents and Settings\Laboratorio\Escritorio\procesador\deco.vhd".
    Summary:
	no macro.
Unit <deco> synthesized.

Synthesizing Unit <mem_funcion>.
    Related source file is "C:\Documents and Settings\Laboratorio\Escritorio\procesador\mem_funcion.vhd".
    Found 16x20-bit Read Only RAM for signal <MICROINSTRUCCION>
    Summary:
	inferred   1 RAM(s).
Unit <mem_funcion> synthesized.

Synthesizing Unit <mem_operacion>.
    Related source file is "C:\Documents and Settings\Laboratorio\Escritorio\procesador\mem_operacion.vhd".
    Found 32x20-bit Read Only RAM for signal <MICROINSTRUCCION>
    Summary:
	inferred   1 RAM(s).
Unit <mem_operacion> synthesized.

Synthesizing Unit <fsm>.
    Related source file is "C:\Documents and Settings\Laboratorio\Escritorio\procesador\fsm.vhd".
WARNING:Xst:647 - Input <clk> is never used. This port will be preserved and left unconnected if it belongs to a top-level block or it belongs to a sub-block and the hierarchy of this sub-block is preserved.
WARNING:Xst:647 - Input <clr> is never used. This port will be preserved and left unconnected if it belongs to a top-level block or it belongs to a sub-block and the hierarchy of this sub-block is preserved.
    Summary:
	inferred   7 Multiplexer(s).
Unit <fsm> synthesized.

Synthesizing Unit <registros>.
    Related source file is "C:\Documents and Settings\Laboratorio\Escritorio\procesador\registros.vhd".
        BDATA = 16
        BADDR = 4
    Found 16-bit shifter logical right for signal <read_data1[15]_shamt[3]_shift_right_0_OUT> created at line 330
    Found 16-bit shifter logical left for signal <read_data1[15]_shamt[3]_shift_left_1_OUT> created at line 325
    Found 16x16-bit dual-port RAM <Mram_reg> for signal <reg>.
    Summary:
	inferred   2 RAM(s).
	inferred   2 Multiplexer(s).
	inferred   2 Combinational logic shifter(s).
Unit <registros> synthesized.

Synthesizing Unit <alu>.
    Related source file is "C:\Documents and Settings\Laboratorio\Escritorio\procesador\alu.vhd".
        N = 16
    Found 16-bit 4-to-1 multiplexer for signal <RES> created at line 79.
    Summary:
	inferred   3 Multiplexer(s).
Unit <alu> synthesized.

Synthesizing Unit <ROM>.
    Related source file is "C:\Documents and Settings\Laboratorio\Escritorio\procesador\ROM.vhd".
        BITS_D = 25
        BITS_A = 16
    Found 65536x25-bit Read Only RAM for signal <D>
    Summary:
	inferred   1 RAM(s).
Unit <ROM> synthesized.

Synthesizing Unit <RAM>.
    Related source file is "C:\Documents and Settings\Laboratorio\Escritorio\procesador\RAMD.vhd".
        BDATA = 16
        BADDR = 16
    Found 65536x16-bit single-port RAM <Mram_RAM> for signal <RAM>.
    Summary:
	inferred   1 RAM(s).
Unit <RAM> synthesized.

Synthesizing Unit <stack>.
    Related source file is "C:\Documents and Settings\Laboratorio\Escritorio\procesador\stack.vhd".
    Found 16x16-bit dual-port RAM <Mram_reg> for signal <reg>.
    Found 16-bit register for signal <out_pc>.
    Found 4-bit register for signal <sp>.
    Found 4-bit adder for signal <sp[3]_GND_20_o_add_6_OUT> created at line 52.
    Found 16-bit adder for signal <out_pc[15]_GND_20_o_add_10_OUT> created at line 65.
    Found 4-bit subtractor for signal <GND_20_o_GND_20_o_sub_1_OUT<3:0>> created at line 32.
    Summary:
	inferred   1 RAM(s).
	inferred   3 Adder/Subtractor(s).
	inferred  20 D-type flip-flop(s).
	inferred   2 Multiplexer(s).
Unit <stack> synthesized.

=========================================================================
HDL Synthesis Report

Macro Statistics
# RAMs                                                 : 7
 16x16-bit dual-port RAM                               : 3
 16x20-bit single-port Read Only RAM                   : 1
 32x20-bit single-port Read Only RAM                   : 1
 65536x16-bit single-port RAM                          : 1
 65536x25-bit single-port Read Only RAM                : 1
# Adders/Subtractors                                   : 4
 16-bit adder                                          : 1
 4-bit addsub                                          : 1
 4-bit subtractor                                      : 1
 5-bit adder                                           : 1
# Registers                                            : 6
 1-bit register                                        : 2
 16-bit register                                       : 1
 4-bit register                                        : 2
 5-bit register                                        : 1
# Multiplexers                                         : 24
 1-bit 2-to-1 multiplexer                              : 9
 16-bit 2-to-1 multiplexer                             : 11
 16-bit 4-to-1 multiplexer                             : 1
 20-bit 2-to-1 multiplexer                             : 1
 4-bit 2-to-1 multiplexer                              : 1
 5-bit 2-to-1 multiplexer                              : 1
# Logic shifters                                       : 2
 16-bit shifter logical left                           : 1
 16-bit shifter logical right                          : 1
# Xors                                                 : 68
 1-bit xor2                                            : 68

=========================================================================

=========================================================================
*                       Advanced HDL Synthesis                          *
=========================================================================

WARNING:Xst:2677 - Node <QFLAGS_0> of sequential type is unconnected in block <reg>.

Synthesizing (advanced) Unit <RAM>.
INFO:Xst:3218 - HDL ADVISOR - The RAM <Mram_RAM> will be implemented on LUTs either because you have described an asynchronous read or because of currently unsupported block RAM features. If you have described an asynchronous read, making it synchronous would allow you to take advantage of available block RAM resources, for optimized device usage and improved timings. Please refer to your documentation for coding guidelines.
    -----------------------------------------------------------------------
    | ram_type           | Distributed                         |          |
    -----------------------------------------------------------------------
    | Port A                                                              |
    |     aspect ratio   | 65536-word x 16-bit                 |          |
    |     clkA           | connected to signal <CLK>           | rise     |
    |     weA            | connected to signal <WEN>           | high     |
    |     addrA          | connected to signal <ADR>           |          |
    |     diA            | connected to signal <DIN>           |          |
    |     doA            | connected to internal node          |          |
    -----------------------------------------------------------------------
Unit <RAM> synthesized (advanced).

Synthesizing (advanced) Unit <ROM>.
INFO:Xst:3218 - HDL ADVISOR - The RAM <Mram_D> will be implemented on LUTs either because you have described an asynchronous read or because of currently unsupported block RAM features. If you have described an asynchronous read, making it synchronous would allow you to take advantage of available block RAM resources, for optimized device usage and improved timings. Please refer to your documentation for coding guidelines.
    -----------------------------------------------------------------------
    | ram_type           | Distributed                         |          |
    -----------------------------------------------------------------------
    | Port A                                                              |
    |     aspect ratio   | 65536-word x 25-bit                 |          |
    |     weA            | connected to signal <GND>           | high     |
    |     addrA          | connected to signal <A>             |          |
    |     diA            | connected to signal <GND>           |          |
    |     doA            | connected to signal <D>             |          |
    -----------------------------------------------------------------------
Unit <ROM> synthesized (advanced).

Synthesizing (advanced) Unit <main>.
The following registers are absorbed into counter <contador>: 1 register on signal <contador>.
Unit <main> synthesized (advanced).

Synthesizing (advanced) Unit <mem_funcion>.
INFO:Xst:3218 - HDL ADVISOR - The RAM <Mram_MICROINSTRUCCION> will be implemented on LUTs either because you have described an asynchronous read or because of currently unsupported block RAM features. If you have described an asynchronous read, making it synchronous would allow you to take advantage of available block RAM resources, for optimized device usage and improved timings. Please refer to your documentation for coding guidelines.
    -----------------------------------------------------------------------
    | ram_type           | Distributed                         |          |
    -----------------------------------------------------------------------
    | Port A                                                              |
    |     aspect ratio   | 16-word x 20-bit                    |          |
    |     weA            | connected to signal <GND>           | high     |
    |     addrA          | connected to signal <FUNCODE>       |          |
    |     diA            | connected to signal <GND>           |          |
    |     doA            | connected to signal <MICROINSTRUCCION> |          |
    -----------------------------------------------------------------------
Unit <mem_funcion> synthesized (advanced).

Synthesizing (advanced) Unit <mem_operacion>.
INFO:Xst:3218 - HDL ADVISOR - The RAM <Mram_MICROINSTRUCCION> will be implemented on LUTs either because you have described an asynchronous read or because of currently unsupported block RAM features. If you have described an asynchronous read, making it synchronous would allow you to take advantage of available block RAM resources, for optimized device usage and improved timings. Please refer to your documentation for coding guidelines.
    -----------------------------------------------------------------------
    | ram_type           | Distributed                         |          |
    -----------------------------------------------------------------------
    | Port A                                                              |
    |     aspect ratio   | 32-word x 20-bit                    |          |
    |     weA            | connected to signal <GND>           | high     |
    |     addrA          | connected to signal <OPCODE>        |          |
    |     diA            | connected to signal <GND>           |          |
    |     doA            | connected to signal <MICROINSTRUCCION> |          |
    -----------------------------------------------------------------------
Unit <mem_operacion> synthesized (advanced).

Synthesizing (advanced) Unit <registros>.
INFO:Xst:3218 - HDL ADVISOR - The RAM <Mram_reg> will be implemented on LUTs either because you have described an asynchronous read or because of currently unsupported block RAM features. If you have described an asynchronous read, making it synchronous would allow you to take advantage of available block RAM resources, for optimized device usage and improved timings. Please refer to your documentation for coding guidelines.
    -----------------------------------------------------------------------
    | ram_type           | Distributed                         |          |
    -----------------------------------------------------------------------
    | Port A                                                              |
    |     aspect ratio   | 16-word x 16-bit                    |          |
    |     clkA           | connected to signal <clk>           | rise     |
    |     weA            | connected to signal <wr>            | high     |
    |     addrA          | connected to signal <write_reg>     |          |
    |     diA            | connected to signal <to_write>      |          |
    -----------------------------------------------------------------------
    | Port B                                                              |
    |     aspect ratio   | 16-word x 16-bit                    |          |
    |     addrB          | connected to signal <read_reg1>     |          |
    |     doB            | connected to signal <read_data1>    |          |
    -----------------------------------------------------------------------
INFO:Xst:3218 - HDL ADVISOR - The RAM <Mram_reg1> will be implemented on LUTs either because you have described an asynchronous read or because of currently unsupported block RAM features. If you have described an asynchronous read, making it synchronous would allow you to take advantage of available block RAM resources, for optimized device usage and improved timings. Please refer to your documentation for coding guidelines.
    -----------------------------------------------------------------------
    | ram_type           | Distributed                         |          |
    -----------------------------------------------------------------------
    | Port A                                                              |
    |     aspect ratio   | 16-word x 16-bit                    |          |
    |     clkA           | connected to signal <clk>           | rise     |
    |     weA            | connected to signal <wr>            | high     |
    |     addrA          | connected to signal <write_reg>     |          |
    |     diA            | connected to signal <to_write>      |          |
    -----------------------------------------------------------------------
    | Port B                                                              |
    |     aspect ratio   | 16-word x 16-bit                    |          |
    |     addrB          | connected to signal <read_reg2>     |          |
    |     doB            | connected to signal <read_data2>    |          |
    -----------------------------------------------------------------------
Unit <registros> synthesized (advanced).

Synthesizing (advanced) Unit <stack>.
The following registers are absorbed into counter <sp>: 1 register on signal <sp>.
INFO:Xst:3218 - HDL ADVISOR - The RAM <Mram_reg> will be implemented on LUTs either because you have described an asynchronous read or because of currently unsupported block RAM features. If you have described an asynchronous read, making it synchronous would allow you to take advantage of available block RAM resources, for optimized device usage and improved timings. Please refer to your documentation for coding guidelines.
    -----------------------------------------------------------------------
    | ram_type           | Distributed                         |          |
    -----------------------------------------------------------------------
    | Port A                                                              |
    |     aspect ratio   | 16-word x 16-bit                    |          |
    |     clkA           | connected to signal <clk>           | rise     |
    |     weA            | connected to signal <up>            | high     |
    |     addrA          | connected to signal <sp>            |          |
    |     diA            | connected to signal <out_pc[15]_GND_20_o_add_10_OUT> |          |
    -----------------------------------------------------------------------
    | Port B                                                              |
    |     aspect ratio   | 16-word x 16-bit                    |          |
    |     addrB          | connected to signal <GND_20_o_GND_20_o_sub_1_OUT> |          |
    |     doB            | connected to internal node          |          |
    -----------------------------------------------------------------------
Unit <stack> synthesized (advanced).

=========================================================================
Advanced HDL Synthesis Report

Macro Statistics
# RAMs                                                 : 7
 16x16-bit dual-port distributed RAM                   : 3
 16x20-bit single-port distributed Read Only RAM       : 1
 32x20-bit single-port distributed Read Only RAM       : 1
 65536x16-bit single-port distributed RAM              : 1
 65536x25-bit single-port distributed Read Only RAM    : 1
# Adders/Subtractors                                   : 2
 16-bit adder                                          : 1
 4-bit subtractor                                      : 1
# Counters                                             : 2
 4-bit updown counter                                  : 1
 5-bit up counter                                      : 1
# Registers                                            : 22
 Flip-Flops                                            : 22
# Multiplexers                                         : 24
 1-bit 2-to-1 multiplexer                              : 9
 16-bit 2-to-1 multiplexer                             : 11
 16-bit 4-to-1 multiplexer                             : 1
 20-bit 2-to-1 multiplexer                             : 1
 4-bit 2-to-1 multiplexer                              : 1
 5-bit 2-to-1 multiplexer                              : 1
# Logic shifters                                       : 2
 16-bit shifter logical left                           : 1
 16-bit shifter logical right                          : 1
# Xors                                                 : 68
 1-bit xor2                                            : 68

=========================================================================

=========================================================================
*                         Low Level Synthesis                           *
=========================================================================
WARNING:Xst:2677 - Node <reg/QFLAGS_0> of sequential type is unconnected in block <control>.

Optimizing unit <main> ...

Optimizing unit <control> ...

Optimizing unit <stack> ...

Optimizing unit <registros> ...

Optimizing unit <alu> ...

Mapping all equations...
Building and optimizing final netlist ...
Found area constraint ratio of 100 (+ 5) on block main, actual ratio is 5.

Final Macro Processing ...

=========================================================================
Final Register Report

Macro Statistics
# Registers                                            : 30
 Flip-Flops                                            : 30

=========================================================================

=========================================================================
*                           Partition Report                            *
=========================================================================

Partition Implementation Status
-------------------------------

  No Partitions were found in this design.

-------------------------------

=========================================================================
*                            Design Summary                             *
=========================================================================

Top Level Output File Name         : main.ngc

Primitive and Black Box Usage:
------------------------------
# BELS                             : 2822
#      GND                         : 1
#      INV                         : 5
#      LUT1                        : 15
#      LUT2                        : 14
#      LUT3                        : 67
#      LUT4                        : 84
#      LUT5                        : 111
#      LUT6                        : 1669
#      MUXCY                       : 15
#      MUXF7                       : 552
#      MUXF8                       : 272
#      VCC                         : 1
#      XORCY                       : 16
# FlipFlops/Latches                : 30
#      FDC                         : 22
#      FDC_1                       : 1
#      FDCE                        : 4
#      FDCE_1                      : 3
# RAMS                             : 4114
#      RAM256X1S                   : 4096
#      RAM32M                      : 6
#      RAM32X1D                    : 12
# Clock Buffers                    : 2
#      BUFG                        : 1
#      BUFGP                       : 1
# IO Buffers                       : 17
#      IBUF                        : 1
#      OBUF                        : 16

Device utilization summary:
---------------------------

Selected Device : 7a100tcsg324-2 


Slice Logic Utilization: 
 Number of Slice Registers:              30  out of  126800     0%  
 Number of Slice LUTs:                18397  out of  63400    29%  
    Number used as Logic:              1965  out of  63400     3%  
    Number used as Memory:            16432  out of  19000    86%  
       Number used as RAM:            16432

Slice Logic Distribution: 
 Number of LUT Flip Flop pairs used:  18397
   Number with an unused Flip Flop:   18367  out of  18397    99%  
   Number with an unused LUT:             0  out of  18397     0%  
   Number of fully used LUT-FF pairs:    30  out of  18397     0%  
   Number of unique control sets:         4

IO Utilization: 
 Number of IOs:                          18
 Number of bonded IOBs:                  18  out of    210     8%  

Specific Feature Utilization:
 Number of BUFG/BUFGCTRLs:                2  out of     32     6%  

---------------------------
Partition Resource Summary:
---------------------------

  No Partitions were found in this design.

---------------------------


=========================================================================
Timing Report

NOTE: THESE TIMING NUMBERS ARE ONLY A SYNTHESIS ESTIMATE.
      FOR ACCURATE TIMING INFORMATION PLEASE REFER TO THE TRACE REPORT
      GENERATED AFTER PLACE-and-ROUTE.

Clock Information:
------------------
-----------------------------------+------------------------+-------+
Clock Signal                       | Clock buffer(FF name)  | Load  |
-----------------------------------+------------------------+-------+
contador_4                         | BUFG                   | 4139  |
osc                                | BUFGP                  | 5     |
-----------------------------------+------------------------+-------+

Asynchronous Control Signals Information:
----------------------------------------
No asynchronous control signals found in this design

Timing Summary:
---------------
Speed Grade: -2

   Minimum period: 19.259ns (Maximum Frequency: 51.923MHz)
   Minimum input arrival time before clock: 0.866ns
   Maximum output required time after clock: 5.515ns
   Maximum combinational path delay: No path found

Timing Details:
---------------
All values displayed in nanoseconds (ns)

=========================================================================
Timing constraint: Default period analysis for Clock 'contador_4'
  Clock period: 19.259ns (frequency: 51.923MHz)
  Total number of paths / destination ports: 10752449593 / 41166
-------------------------------------------------------------------------
Delay:               9.630ns (Levels of Logic = 16)
  Source:            cont/reg/QFLAGS_2 (FF)
  Destination:       regs/Mram_reg12 (RAM)
  Source Clock:      contador_4 falling
  Destination Clock: contador_4 rising

  Data Path: cont/reg/QFLAGS_2 to regs/Mram_reg12
                                Gate     Net
    Cell:in->out      fanout   Delay   Delay  Logical Name (Net Name)
    ----------------------------------------  ------------
     FDCE_1:C->Q           6   0.402   0.627  cont/reg/QFLAGS_2 (cont/reg/QFLAGS_2)
     LUT5:I2->O            1   0.105   0.599  cont/carta/Mmux_SDOPC14_SW4 (N9292)
     LUT6:I3->O           18   0.105   0.452  cont/carta/Mmux_SDOPC14 (cont/carta/Mmux_SDOPC)
     LUT6:I5->O           10   0.105   0.389  Mmux_sal_sr231 (sal_sr2<2>)
     RAM32M:ADDRA2->DOA1  260   0.299   0.529  regs/Mram_reg11 (salida_leds_1_OBUF)
     LUT4:I3->O            9   0.105   0.825  ua/Mxor_EB<1>_xo<0>1 (ua/EB<1>)
     LUT6:I1->O            4   0.105   0.374  ua/c_and[1]_c_xor[5]_AND_616_o1 (ua/c_and[1]_c_xor[5]_AND_616_o)
     LUT6:I5->O            2   0.105   0.362  ua/C<8>11 (ua/C<8>11)
     LUT6:I5->O           10   0.105   0.407  ua/C<8>_SW1 (N8583)
     LUT6:I5->O           38   0.105   0.488  Mmux_sal_sdmd151_4 (Mmux_sal_sdmd1513)
     LUT6:I5->O            1   0.105   0.000  inst_LPM_MUX4_1314 (inst_LPM_MUX4_1314)
     MUXF7:I1->O           1   0.308   0.000  inst_LPM_MUX4_12_f7_4 (inst_LPM_MUX4_12_f75)
     MUXF8:I0->O           1   0.244   0.649  inst_LPM_MUX4_10_f8_3 (inst_LPM_MUX4_10_f84)
     LUT6:I2->O            1   0.105   0.000  inst_LPM_MUX4_51 (inst_LPM_MUX4_51)
     MUXF7:I1->O           1   0.308   0.000  inst_LPM_MUX4_4_f7 (inst_LPM_MUX4_4_f7)
     MUXF8:I0->O           2   0.244   0.362  inst_LPM_MUX4_2_f8 (sal_ram<4>)
     LUT6:I5->O            2   0.105   0.344  regs/Mmux_to_write113 (regs/to_write<4>)
     RAM32M:DIC0               0.260          regs/Mram_reg2
    ----------------------------------------
    Total                      9.630ns (3.220ns logic, 6.410ns route)
                                       (33.4% logic, 66.6% route)

=========================================================================
Timing constraint: Default period analysis for Clock 'osc'
  Clock period: 1.298ns (frequency: 770.327MHz)
  Total number of paths / destination ports: 15 / 5
-------------------------------------------------------------------------
Delay:               1.298ns (Levels of Logic = 1)
  Source:            contador_4 (FF)
  Destination:       contador_4 (FF)
  Source Clock:      osc rising
  Destination Clock: osc rising

  Data Path: contador_4 to contador_4
                                Gate     Net
    Cell:in->out      fanout   Delay   Delay  Logical Name (Net Name)
    ----------------------------------------  ------------
     FDC:C->Q              1   0.398   0.780  contador_4 (contador_4)
     LUT5:I0->O            1   0.105   0.000  Mcount_contador_xor<4>11 (Result<4>)
     FDC:D                     0.015          contador_4
    ----------------------------------------
    Total                      1.298ns (0.518ns logic, 0.780ns route)
                                       (39.9% logic, 60.1% route)

=========================================================================
Timing constraint: Default OFFSET IN BEFORE for Clock 'osc'
  Total number of paths / destination ports: 5 / 5
-------------------------------------------------------------------------
Offset:              0.866ns (Levels of Logic = 1)
  Source:            clr (PAD)
  Destination:       contador_0 (FF)
  Destination Clock: osc rising

  Data Path: clr to contador_0
                                Gate     Net
    Cell:in->out      fanout   Delay   Delay  Logical Name (Net Name)
    ----------------------------------------  ------------
     IBUF:I->O            30   0.001   0.468  clr_IBUF (clr_IBUF)
     FDC:CLR                   0.397          contador_0
    ----------------------------------------
    Total                      0.866ns (0.398ns logic, 0.468ns route)
                                       (45.9% logic, 54.1% route)

=========================================================================
Timing constraint: Default OFFSET IN BEFORE for Clock 'contador_4'
  Total number of paths / destination ports: 25 / 25
-------------------------------------------------------------------------
Offset:              0.866ns (Levels of Logic = 1)
  Source:            clr (PAD)
  Destination:       cont/niv/Q2 (FF)
  Destination Clock: contador_4 falling

  Data Path: clr to cont/niv/Q2
                                Gate     Net
    Cell:in->out      fanout   Delay   Delay  Logical Name (Net Name)
    ----------------------------------------  ------------
     IBUF:I->O            30   0.001   0.468  clr_IBUF (clr_IBUF)
     FDCE_1:CLR                0.397          cont/reg/QFLAGS_1
    ----------------------------------------
    Total                      0.866ns (0.398ns logic, 0.468ns route)
                                       (45.9% logic, 54.1% route)

=========================================================================
Timing constraint: Default OFFSET OUT AFTER for Clock 'contador_4'
  Total number of paths / destination ports: 34560 / 16
-------------------------------------------------------------------------
Offset:              5.515ns (Levels of Logic = 7)
  Source:            st/out_pc_2 (FF)
  Destination:       salida_leds<9> (PAD)
  Source Clock:      contador_4 rising

  Data Path: st/out_pc_2 to salida_leds<9>
                                Gate     Net
    Cell:in->out      fanout   Delay   Delay  Logical Name (Net Name)
    ----------------------------------------  ------------
     FDC:C->Q             38   0.398   0.780  st/out_pc_2 (st/out_pc_2)
     LUT4:I0->O            1   0.105   0.780  mem_prog/Mram_D471111_SW0_SW0 (N49)
     LUT6:I1->O           41   0.105   0.780  mem_prog/Mram_D471111 (principal<24>)
     LUT5:I1->O            1   0.105   0.599  cont/carta/Mmux_SDOPC14_SW4 (N9292)
     LUT6:I3->O           18   0.105   0.452  cont/carta/Mmux_SDOPC14 (cont/carta/Mmux_SDOPC)
     LUT6:I5->O           10   0.105   0.389  Mmux_sal_sr231 (sal_sr2<2>)
     RAM32M:ADDRB2->DOB1  263   0.299   0.512  regs/Mram_reg12 (salida_leds_9_OBUF)
     OBUF:I->O                 0.000          salida_leds_9_OBUF (salida_leds<9>)
    ----------------------------------------
    Total                      5.515ns (1.222ns logic, 4.293ns route)
                                       (22.2% logic, 77.8% route)

=========================================================================

Cross Clock Domains Report:
--------------------------

Clock to Setup on destination clock contador_4
---------------+---------+---------+---------+---------+
               | Src:Rise| Src:Fall| Src:Rise| Src:Fall|
Source Clock   |Dest:Rise|Dest:Rise|Dest:Fall|Dest:Fall|
---------------+---------+---------+---------+---------+
contador_4     |   11.549|    9.630|    9.309|         |
---------------+---------+---------+---------+---------+

Clock to Setup on destination clock osc
---------------+---------+---------+---------+---------+
               | Src:Rise| Src:Fall| Src:Rise| Src:Fall|
Source Clock   |Dest:Rise|Dest:Rise|Dest:Fall|Dest:Fall|
---------------+---------+---------+---------+---------+
osc            |    1.298|         |         |         |
---------------+---------+---------+---------+---------+

=========================================================================


Total REAL time to Xst completion: 76.00 secs
Total CPU time to Xst completion: 76.20 secs
 
--> 

Total memory usage is 555616 kilobytes

Number of errors   :    0 (   0 filtered)
Number of warnings :    6 (   0 filtered)
Number of infos    :    7 (   0 filtered)

