Command line:
   TB_SUM_RES_isim_beh.exe
     -simmode  gui
     -simrunnum  1
     -socket  56359

Tue Sep 10 13:19:22 2019


 Elaboration Time: 0.01 sec

 Current Memory Usage: 183.947 Meg

 Total Signals          : 10
 Total Nets             : 14
 Total Signal Drivers   : 5
 Total Blocks           : 3
 Total Primitive Blocks : 2
 Total Processes        : 2
 Total Traceable Variables  : 9
 Total Scalar Nets and Variables : 375
Total Line Count : 29

 Total Simulation Time: 0.02 sec

 Current Memory Usage: 259.449 Meg

Tue Sep 10 13:20:43 2019

