Release 14.7 - xst P.20131013 (nt)
Copyright (c) 1995-2013 Xilinx, Inc.  All rights reserved.
--> Parameter TMPDIR set to xst/projnav.tmp


Total REAL time to Xst completion: 1.00 secs
Total CPU time to Xst completion: 0.65 secs
 
--> Parameter xsthdpdir set to xst


Total REAL time to Xst completion: 1.00 secs
Total CPU time to Xst completion: 0.65 secs
 
--> Reading design: main.prj

TABLE OF CONTENTS
  1) Synthesis Options Summary
  2) HDL Parsing
  3) HDL Elaboration
  4) HDL Synthesis
       4.1) HDL Synthesis Report
  5) Advanced HDL Synthesis
       5.1) Advanced HDL Synthesis Report
  6) Low Level Synthesis
  7) Partition Report
  8) Design Summary
       8.1) Primitive and Black Box Usage
       8.2) Device utilization summary
       8.3) Partition Resource Summary
       8.4) Timing Report
            8.4.1) Clock Information
            8.4.2) Asynchronous Control Signals Information
            8.4.3) Timing Summary
            8.4.4) Timing Details
            8.4.5) Cross Clock Domains Report


=========================================================================
*                      Synthesis Options Summary                        *
=========================================================================
---- Source Parameters
Input File Name                    : "main.prj"
Ignore Synthesis Constraint File   : NO

---- Target Parameters
Output File Name                   : "main"
Output Format                      : NGC
Target Device                      : xc7a100t-2-csg324

---- Source Options
Top Module Name                    : main
Automatic FSM Extraction           : YES
FSM Encoding Algorithm             : Auto
Safe Implementation                : No
FSM Style                          : LUT
RAM Extraction                     : Yes
RAM Style                          : Auto
ROM Extraction                     : Yes
Shift Register Extraction          : YES
ROM Style                          : Auto
Resource Sharing                   : YES
Asynchronous To Synchronous        : NO
Shift Register Minimum Size        : 2
Use DSP Block                      : Auto
Automatic Register Balancing       : No

---- Target Options
LUT Combining                      : Auto
Reduce Control Sets                : Auto
Add IO Buffers                     : YES
Global Maximum Fanout              : 100000
Add Generic Clock Buffer(BUFG)     : 32
Register Duplication               : YES
Optimize Instantiated Primitives   : NO
Use Clock Enable                   : Auto
Use Synchronous Set                : Auto
Use Synchronous Reset              : Auto
Pack IO Registers into IOBs        : Auto
Equivalent register Removal        : YES

---- General Options
Optimization Goal                  : Speed
Optimization Effort                : 1
Power Reduction                    : NO
Keep Hierarchy                     : No
Netlist Hierarchy                  : As_Optimized
RTL Output                         : Yes
Global Optimization                : AllClockNets
Read Cores                         : YES
Write Timing Constraints           : NO
Cross Clock Analysis               : NO
Hierarchy Separator                : /
Bus Delimiter                      : <>
Case Specifier                     : Maintain
Slice Utilization Ratio            : 100
BRAM Utilization Ratio             : 100
DSP48 Utilization Ratio            : 100
Auto BRAM Packing                  : NO
Slice Utilization Ratio Delta      : 5

=========================================================================


=========================================================================
*                          HDL Parsing                                  *
=========================================================================
Parsing VHDL file "C:\Users\alan-\Documents\trabajos-escom\5\arquitectura\control\registro.vhd" into library work
Parsing entity <registro>.
Parsing architecture <Behavioral> of entity <registro>.
Parsing VHDL file "C:\Users\alan-\Documents\trabajos-escom\5\arquitectura\control\paquete_control.vhd" into library work
Parsing package <paquete_control>.
Parsing package body <paquete_control>.
Parsing VHDL file "C:\Users\alan-\Documents\trabajos-escom\5\arquitectura\control\nivel.vhd" into library work
Parsing entity <nivel>.
Parsing architecture <Behavioral> of entity <nivel>.
Parsing VHDL file "C:\Users\alan-\Documents\trabajos-escom\5\arquitectura\control\mem_operacion.vhd" into library work
Parsing entity <mem_operacion>.
Parsing architecture <Behavioral> of entity <mem_operacion>.
Parsing VHDL file "C:\Users\alan-\Documents\trabajos-escom\5\arquitectura\control\mem_funcion.vhd" into library work
Parsing entity <mem_funcion>.
Parsing architecture <Behavioral> of entity <mem_funcion>.
Parsing VHDL file "C:\Users\alan-\Documents\trabajos-escom\5\arquitectura\control\fsm.vhd" into library work
Parsing entity <fsm>.
Parsing architecture <Behavioral> of entity <fsm>.
Parsing VHDL file "C:\Users\alan-\Documents\trabajos-escom\5\arquitectura\control\deco.vhd" into library work
Parsing entity <deco>.
Parsing architecture <Behavioral> of entity <deco>.
Parsing VHDL file "C:\Users\alan-\Documents\trabajos-escom\5\arquitectura\control\condicion.vhd" into library work
Parsing entity <condicion>.
Parsing architecture <Behavioral> of entity <condicion>.
Parsing VHDL file "C:\Users\alan-\Documents\trabajos-escom\5\arquitectura\control\main.vhd" into library work
Parsing entity <main>.
Parsing architecture <Behavioral> of entity <main>.

=========================================================================
*                            HDL Elaboration                            *
=========================================================================

Elaborating entity <main> (architecture <Behavioral>) from library <work>.

Elaborating entity <registro> (architecture <Behavioral>) from library <work>.

Elaborating entity <condicion> (architecture <Behavioral>) from library <work>.

Elaborating entity <nivel> (architecture <Behavioral>) from library <work>.

Elaborating entity <deco> (architecture <Behavioral>) from library <work>.

Elaborating entity <mem_funcion> (architecture <Behavioral>) from library <work>.

Elaborating entity <mem_operacion> (architecture <Behavioral>) from library <work>.

Elaborating entity <fsm> (architecture <Behavioral>) from library <work>.

=========================================================================
*                           HDL Synthesis                               *
=========================================================================

Synthesizing Unit <main>.
    Related source file is "C:\Users\alan-\Documents\trabajos-escom\5\arquitectura\control\main.vhd".
    Summary:
	inferred   2 Multiplexer(s).
Unit <main> synthesized.

Synthesizing Unit <registro>.
    Related source file is "C:\Users\alan-\Documents\trabajos-escom\5\arquitectura\control\registro.vhd".
    Found 4-bit register for signal <QFLAGS>.
    Summary:
	inferred   4 D-type flip-flop(s).
Unit <registro> synthesized.

Synthesizing Unit <condicion>.
    Related source file is "C:\Users\alan-\Documents\trabajos-escom\5\arquitectura\control\condicion.vhd".
WARNING:Xst:647 - Input <FLAGS<0:0>> is never used. This port will be preserved and left unconnected if it belongs to a top-level block or it belongs to a sub-block and the hierarchy of this sub-block is preserved.
    Summary:
Unit <condicion> synthesized.

Synthesizing Unit <nivel>.
    Related source file is "C:\Users\alan-\Documents\trabajos-escom\5\arquitectura\control\nivel.vhd".
    Found 1-bit register for signal <Q2>.
    Found 1-bit register for signal <Q1>.
    Summary:
	inferred   2 D-type flip-flop(s).
Unit <nivel> synthesized.

Synthesizing Unit <deco>.
    Related source file is "C:\Users\alan-\Documents\trabajos-escom\5\arquitectura\control\deco.vhd".
    Summary:
	no macro.
Unit <deco> synthesized.

Synthesizing Unit <mem_funcion>.
    Related source file is "C:\Users\alan-\Documents\trabajos-escom\5\arquitectura\control\mem_funcion.vhd".
    Found 16x20-bit Read Only RAM for signal <MICROINSTRUCCION>
    Summary:
	inferred   1 RAM(s).
Unit <mem_funcion> synthesized.

Synthesizing Unit <mem_operacion>.
    Related source file is "C:\Users\alan-\Documents\trabajos-escom\5\arquitectura\control\mem_operacion.vhd".
    Found 32x20-bit Read Only RAM for signal <MICROINSTRUCCION>
    Summary:
	inferred   1 RAM(s).
Unit <mem_operacion> synthesized.

Synthesizing Unit <fsm>.
    Related source file is "C:\Users\alan-\Documents\trabajos-escom\5\arquitectura\control\fsm.vhd".
WARNING:Xst:647 - Input <clk> is never used. This port will be preserved and left unconnected if it belongs to a top-level block or it belongs to a sub-block and the hierarchy of this sub-block is preserved.
WARNING:Xst:647 - Input <clr> is never used. This port will be preserved and left unconnected if it belongs to a top-level block or it belongs to a sub-block and the hierarchy of this sub-block is preserved.
    Summary:
	inferred   7 Multiplexer(s).
Unit <fsm> synthesized.

=========================================================================
HDL Synthesis Report

Macro Statistics
# RAMs                                                 : 2
 16x20-bit single-port Read Only RAM                   : 1
 32x20-bit single-port Read Only RAM                   : 1
# Registers                                            : 3
 1-bit register                                        : 2
 4-bit register                                        : 1
# Multiplexers                                         : 9
 1-bit 2-to-1 multiplexer                              : 7
 20-bit 2-to-1 multiplexer                             : 1
 5-bit 2-to-1 multiplexer                              : 1
# Xors                                                 : 3
 1-bit xor2                                            : 3

=========================================================================

=========================================================================
*                       Advanced HDL Synthesis                          *
=========================================================================

WARNING:Xst:2677 - Node <QFLAGS_0> of sequential type is unconnected in block <reg>.

Synthesizing (advanced) Unit <mem_funcion>.
INFO:Xst:3218 - HDL ADVISOR - The RAM <Mram_MICROINSTRUCCION> will be implemented on LUTs either because you have described an asynchronous read or because of currently unsupported block RAM features. If you have described an asynchronous read, making it synchronous would allow you to take advantage of available block RAM resources, for optimized device usage and improved timings. Please refer to your documentation for coding guidelines.
    -----------------------------------------------------------------------
    | ram_type           | Distributed                         |          |
    -----------------------------------------------------------------------
    | Port A                                                              |
    |     aspect ratio   | 16-word x 20-bit                    |          |
    |     weA            | connected to signal <GND>           | high     |
    |     addrA          | connected to signal <FUNCODE>       |          |
    |     diA            | connected to signal <GND>           |          |
    |     doA            | connected to signal <MICROINSTRUCCION> |          |
    -----------------------------------------------------------------------
Unit <mem_funcion> synthesized (advanced).

Synthesizing (advanced) Unit <mem_operacion>.
INFO:Xst:3218 - HDL ADVISOR - The RAM <Mram_MICROINSTRUCCION> will be implemented on LUTs either because you have described an asynchronous read or because of currently unsupported block RAM features. If you have described an asynchronous read, making it synchronous would allow you to take advantage of available block RAM resources, for optimized device usage and improved timings. Please refer to your documentation for coding guidelines.
    -----------------------------------------------------------------------
    | ram_type           | Distributed                         |          |
    -----------------------------------------------------------------------
    | Port A                                                              |
    |     aspect ratio   | 32-word x 20-bit                    |          |
    |     weA            | connected to signal <GND>           | high     |
    |     addrA          | connected to signal <OPCODE>        |          |
    |     diA            | connected to signal <GND>           |          |
    |     doA            | connected to signal <MICROINSTRUCCION> |          |
    -----------------------------------------------------------------------
Unit <mem_operacion> synthesized (advanced).

=========================================================================
Advanced HDL Synthesis Report

Macro Statistics
# RAMs                                                 : 2
 16x20-bit single-port distributed Read Only RAM       : 1
 32x20-bit single-port distributed Read Only RAM       : 1
# Registers                                            : 6
 Flip-Flops                                            : 6
# Multiplexers                                         : 9
 1-bit 2-to-1 multiplexer                              : 7
 20-bit 2-to-1 multiplexer                             : 1
 5-bit 2-to-1 multiplexer                              : 1
# Xors                                                 : 3
 1-bit xor2                                            : 3

=========================================================================

=========================================================================
*                         Low Level Synthesis                           *
=========================================================================
WARNING:Xst:2677 - Node <reg/QFLAGS_0> of sequential type is unconnected in block <main>.

Optimizing unit <main> ...

Mapping all equations...
Building and optimizing final netlist ...
Found area constraint ratio of 100 (+ 5) on block main, actual ratio is 0.

Final Macro Processing ...

=========================================================================
Final Register Report

Macro Statistics
# Registers                                            : 5
 Flip-Flops                                            : 5

=========================================================================

=========================================================================
*                           Partition Report                            *
=========================================================================

Partition Implementation Status
-------------------------------

  No Partitions were found in this design.

-------------------------------

=========================================================================
*                            Design Summary                             *
=========================================================================

Top Level Output File Name         : main.ngc

Primitive and Black Box Usage:
------------------------------
# BELS                             : 55
#      INV                         : 2
#      LUT2                        : 5
#      LUT3                        : 2
#      LUT4                        : 5
#      LUT5                        : 13
#      LUT6                        : 28
# FlipFlops/Latches                : 5
#      FDC                         : 1
#      FDC_1                       : 1
#      FDCE_1                      : 3
# Clock Buffers                    : 1
#      BUFGP                       : 1
# IO Buffers                       : 34
#      IBUF                        : 14
#      OBUF                        : 20

Device utilization summary:
---------------------------

Selected Device : 7a100tcsg324-2 


Slice Logic Utilization: 
 Number of Slice Registers:               2  out of  126800     0%  
 Number of Slice LUTs:                   55  out of  63400     0%  
    Number used as Logic:                55  out of  63400     0%  

Slice Logic Distribution: 
 Number of LUT Flip Flop pairs used:     55
   Number with an unused Flip Flop:      53  out of     55    96%  
   Number with an unused LUT:             0  out of     55     0%  
   Number of fully used LUT-FF pairs:     2  out of     55     3%  
   Number of unique control sets:         2

IO Utilization: 
 Number of IOs:                          36
 Number of bonded IOBs:                  35  out of    210    16%  
    IOB Flip Flops/Latches:               3

Specific Feature Utilization:
 Number of BUFG/BUFGCTRLs:                1  out of     32     3%  

---------------------------
Partition Resource Summary:
---------------------------

  No Partitions were found in this design.

---------------------------


=========================================================================
Timing Report

NOTE: THESE TIMING NUMBERS ARE ONLY A SYNTHESIS ESTIMATE.
      FOR ACCURATE TIMING INFORMATION PLEASE REFER TO THE TRACE REPORT
      GENERATED AFTER PLACE-and-ROUTE.

Clock Information:
------------------
-----------------------------------+------------------------+-------+
Clock Signal                       | Clock buffer(FF name)  | Load  |
-----------------------------------+------------------------+-------+
CLK                                | BUFGP                  | 5     |
-----------------------------------+------------------------+-------+

Asynchronous Control Signals Information:
----------------------------------------
No asynchronous control signals found in this design

Timing Summary:
---------------
Speed Grade: -2

   Minimum period: 1.235ns (Maximum Frequency: 809.520MHz)
   Minimum input arrival time before clock: 0.760ns
   Maximum output required time after clock: 6.008ns
   Maximum combinational path delay: 5.679ns

Timing Details:
---------------
All values displayed in nanoseconds (ns)

=========================================================================
Timing constraint: Default period analysis for Clock 'CLK'
  Clock period: 1.235ns (frequency: 809.520MHz)
  Total number of paths / destination ports: 2 / 2
-------------------------------------------------------------------------
Delay:               1.235ns (Levels of Logic = 1)
  Source:            niv/Q2 (FF)
  Destination:       niv/Q2 (FF)
  Source Clock:      CLK falling
  Destination Clock: CLK falling

  Data Path: niv/Q2 to niv/Q2
                                Gate     Net
    Cell:in->out      fanout   Delay   Delay  Logical Name (Net Name)
    ----------------------------------------  ------------
     FDC_1:C->Q            4   0.402   0.356  niv/Q2 (niv/Q2)
     INV:I->O              1   0.123   0.339  niv/Q2_INV_10_o1_INV_0 (niv/Q2_INV_10_o)
     FDC_1:D                   0.015          niv/Q2
    ----------------------------------------
    Total                      1.235ns (0.540ns logic, 0.695ns route)
                                       (43.7% logic, 56.3% route)

=========================================================================
Timing constraint: Default OFFSET IN BEFORE for Clock 'CLK'
  Total number of paths / destination ports: 11 / 11
-------------------------------------------------------------------------
Offset:              0.760ns (Levels of Logic = 1)
  Source:            CLR (PAD)
  Destination:       reg/QFLAGS_3 (FF)
  Destination Clock: CLK falling

  Data Path: CLR to reg/QFLAGS_3
                                Gate     Net
    Cell:in->out      fanout   Delay   Delay  Logical Name (Net Name)
    ----------------------------------------  ------------
     IBUF:I->O             5   0.001   0.362  CLR_IBUF (CLR_IBUF)
     FDCE_1:CLR                0.397          reg/QFLAGS_1
    ----------------------------------------
    Total                      0.760ns (0.398ns logic, 0.362ns route)
                                       (52.4% logic, 47.6% route)

=========================================================================
Timing constraint: Default OFFSET OUT AFTER for Clock 'CLK'
  Total number of paths / destination ports: 1248 / 18
-------------------------------------------------------------------------
Offset:              6.008ns (Levels of Logic = 9)
  Source:            reg/QFLAGS_2 (FF)
  Destination:       S<11> (PAD)
  Source Clock:      CLK falling

  Data Path: reg/QFLAGS_2 to S<11>
                                Gate     Net
    Cell:in->out      fanout   Delay   Delay  Logical Name (Net Name)
    ----------------------------------------  ------------
     FDCE_1:C->Q           3   0.402   0.661  reg/QFLAGS_2 (reg/QFLAGS_2)
     LUT4:I0->O            1   0.105   0.599  carta/Mmux_SDOPC12 (carta/Mmux_SDOPC11)
     LUT6:I3->O            1   0.105   0.357  carta/Mmux_SDOPC17_SW0 (N10)
     LUT6:I5->O            9   0.105   0.402  carta/Mmux_SDOPC17 (carta/Mmux_SDOPC)
     LUT6:I5->O           20   0.105   0.557  carta/Mmux_SDOPC23 (SDOPC)
     LUT2:I0->O            9   0.105   0.694  Mmux_OPC41 (OPC<3>)
     LUT6:I2->O            2   0.105   0.798  oper/Mram_MICROINSTRUCCION11111 (oper/Mram_MICROINSTRUCCION1111)
     LUT6:I0->O            1   0.105   0.357  Mmux_S33_SW0 (N12)
     LUT6:I5->O            1   0.105   0.339  Mmux_S33 (S_11_OBUF)
     OBUF:I->O                 0.000          S_11_OBUF (S<11>)
    ----------------------------------------
    Total                      6.008ns (1.242ns logic, 4.766ns route)
                                       (20.7% logic, 79.3% route)

=========================================================================
Timing constraint: Default path analysis
  Total number of paths / destination ports: 2293 / 20
-------------------------------------------------------------------------
Delay:               5.679ns (Levels of Logic = 10)
  Source:            OPCODE<1> (PAD)
  Destination:       S<11> (PAD)

  Data Path: OPCODE<1> to S<11>
                                Gate     Net
    Cell:in->out      fanout   Delay   Delay  Logical Name (Net Name)
    ----------------------------------------  ------------
     IBUF:I->O            19   0.001   0.881  OPCODE_1_IBUF (OPCODE_1_IBUF)
     LUT5:I0->O            1   0.105   0.451  carta/Mmux_SDOPC13 (carta/Mmux_SDOPC12)
     LUT6:I4->O            1   0.105   0.357  carta/Mmux_SDOPC17_SW0 (N10)
     LUT6:I5->O            9   0.105   0.402  carta/Mmux_SDOPC17 (carta/Mmux_SDOPC)
     LUT6:I5->O           20   0.105   0.557  carta/Mmux_SDOPC23 (SDOPC)
     LUT2:I0->O            9   0.105   0.694  Mmux_OPC41 (OPC<3>)
     LUT6:I2->O            2   0.105   0.798  oper/Mram_MICROINSTRUCCION11111 (oper/Mram_MICROINSTRUCCION1111)
     LUT6:I0->O            1   0.105   0.357  Mmux_S33_SW0 (N12)
     LUT6:I5->O            1   0.105   0.339  Mmux_S33 (S_11_OBUF)
     OBUF:I->O                 0.000          S_11_OBUF (S<11>)
    ----------------------------------------
    Total                      5.679ns (0.841ns logic, 4.838ns route)
                                       (14.8% logic, 85.2% route)

=========================================================================

Cross Clock Domains Report:
--------------------------

Clock to Setup on destination clock CLK
---------------+---------+---------+---------+---------+
               | Src:Rise| Src:Fall| Src:Rise| Src:Fall|
Source Clock   |Dest:Rise|Dest:Rise|Dest:Fall|Dest:Fall|
---------------+---------+---------+---------+---------+
CLK            |    1.231|         |    1.235|         |
---------------+---------+---------+---------+---------+

=========================================================================


Total REAL time to Xst completion: 12.00 secs
Total CPU time to Xst completion: 11.84 secs
 
--> 

Total memory usage is 382436 kilobytes

Number of errors   :    0 (   0 filtered)
Number of warnings :    5 (   0 filtered)
Number of infos    :    2 (   0 filtered)

