Running: /opt/Xilinx/14.7/ISE_DS/ISE/bin/lin64/unwrapped/fuse -intstyle ise -incremental -lib secureip -o /home/san/ESCOM/ComputerArchitecture/controlpach/test_isim_beh.exe -prj /home/san/ESCOM/ComputerArchitecture/controlpach/test_beh.prj work.test 
ISim P.20131013 (signature 0xfbc00daa)
Number of CPUs detected in this system: 4
Turning on mult-threading, number of parallel sub-compilation jobs: 8 
Determining compilation order of HDL files
Parsing VHDL file "/home/san/ESCOM/ComputerArchitecture/controlpach/test.vhd" into library work
Parsing VHDL file "/home/san/ESCOM/ComputerArchitecture/controlpach/registro.vhd" into library work
Parsing VHDL file "/home/san/ESCOM/ComputerArchitecture/controlpach/paquete_control.vhd" into library work
Parsing VHDL file "/home/san/ESCOM/ComputerArchitecture/controlpach/nivel.vhd" into library work
Parsing VHDL file "/home/san/ESCOM/ComputerArchitecture/controlpach/mem_operacion.vhd" into library work
Parsing VHDL file "/home/san/ESCOM/ComputerArchitecture/controlpach/mem_funcion.vhd" into library work
Parsing VHDL file "/home/san/ESCOM/ComputerArchitecture/controlpach/fsm.vhd" into library work
Parsing VHDL file "/home/san/ESCOM/ComputerArchitecture/controlpach/deco.vhd" into library work
Parsing VHDL file "/home/san/ESCOM/ComputerArchitecture/controlpach/condicion.vhd" into library work
Parsing VHDL file "/home/san/ESCOM/ComputerArchitecture/controlpach/main.vhd" into library work
Starting static elaboration
Completed static elaboration
Fuse Memory Usage: 86640 KB
Fuse CPU Usage: 1680 ms
Compiling package standard
Compiling package std_logic_1164
Compiling package textio
Compiling package std_logic_textio
Compiling package std_logic_arith
Compiling package std_logic_unsigned
Compiling package numeric_std
Compiling package paquete_control
Compiling architecture behavioral of entity registro [registro_default]
Compiling architecture behavioral of entity condicion [condicion_default]
Compiling architecture behavioral of entity nivel [nivel_default]
Compiling architecture behavioral of entity deco [deco_default]
Compiling architecture behavioral of entity mem_funcion [mem_funcion_default]
Compiling architecture behavioral of entity mem_operacion [mem_operacion_default]
Compiling architecture behavioral of entity fsm [fsm_default]
Compiling architecture behavioral of entity main [main_default]
Compiling architecture behavior of entity test
Time Resolution for simulation is 1ps.
Waiting for 5 sub-compilation(s) to finish...
Compiled 25 VHDL Units
Built simulation executable /home/san/ESCOM/ComputerArchitecture/controlpach/test_isim_beh.exe
Fuse Memory Usage: 669056 KB
Fuse CPU Usage: 1930 ms
GCC CPU Usage: 3260 ms
